
Applying ATLAS style settings...


Processing plot_7point_pdf.cxx("theoVariation_171019","strong","PhiLow")...
Z_strong_SRPhiLow
Info in <TCanvas::Print>: pdf file output/theoVariation_171019/plots/scale_pdf_Z_strong_SRPhiLow_PhiLow.pdf has been created
Z_strong_CRZPhiLow
Info in <TCanvas::Print>: pdf file output/theoVariation_171019/plots/scale_pdf_Z_strong_CRZPhiLow_PhiLow.pdf has been created
W_strong_SRPhiLow
Info in <TCanvas::Print>: pdf file output/theoVariation_171019/plots/scale_pdf_W_strong_SRPhiLow_PhiLow.pdf has been created
W_strong_CRWPhiLow
Info in <TCanvas::Print>: pdf file output/theoVariation_171019/plots/scale_pdf_W_strong_CRWPhiLow_PhiLow.pdf has been created

Applying ATLAS style settings...


Processing plot_7point_pdf.cxx("theoVariation_171019","strong","PhiHigh")...
Z_strong_SRPhiHigh
Info in <TCanvas::Print>: pdf file output/theoVariation_171019/plots/scale_pdf_Z_strong_SRPhiHigh_PhiHigh.pdf has been created
Z_strong_CRZPhiHigh
Info in <TCanvas::Print>: pdf file output/theoVariation_171019/plots/scale_pdf_Z_strong_CRZPhiHigh_PhiHigh.pdf has been created
W_strong_SRPhiHigh
Info in <TCanvas::Print>: pdf file output/theoVariation_171019/plots/scale_pdf_W_strong_SRPhiHigh_PhiHigh.pdf has been created
W_strong_CRWPhiHigh
Info in <TCanvas::Print>: pdf file output/theoVariation_171019/plots/scale_pdf_W_strong_CRWPhiHigh_PhiHigh.pdf has been created

Applying ATLAS style settings...


Processing plot_7point_pdf.cxx("theoVariation_171019","strong","Njet")...
Z_strong_SRNjet
Info in <TCanvas::Print>: pdf file output/theoVariation_171019/plots/scale_pdf_Z_strong_SRNjet_Njet.pdf has been created
Z_strong_CRZNjet
Info in <TCanvas::Print>: pdf file output/theoVariation_171019/plots/scale_pdf_Z_strong_CRZNjet_Njet.pdf has been created
W_strong_SRNjet
Info in <TCanvas::Print>: pdf file output/theoVariation_171019/plots/scale_pdf_W_strong_SRNjet_Njet.pdf has been created
W_strong_CRWNjet
Info in <TCanvas::Print>: pdf file output/theoVariation_171019/plots/scale_pdf_W_strong_CRWNjet_Njet.pdf has been created

Applying ATLAS style settings...


Processing plot_7point_pdf.cxx("theoVariation_171019","EWK","PhiLow")...
Z_EWK_SRPhiLow
Info in <TCanvas::Print>: pdf file output/theoVariation_171019/plots/scale_pdf_Z_EWK_SRPhiLow_PhiLow.pdf has been created
Z_EWK_CRZPhiLow
Info in <TCanvas::Print>: pdf file output/theoVariation_171019/plots/scale_pdf_Z_EWK_CRZPhiLow_PhiLow.pdf has been created
W_EWK_SRPhiLow
Info in <TCanvas::Print>: pdf file output/theoVariation_171019/plots/scale_pdf_W_EWK_SRPhiLow_PhiLow.pdf has been created
W_EWK_CRWPhiLow
Info in <TCanvas::Print>: pdf file output/theoVariation_171019/plots/scale_pdf_W_EWK_CRWPhiLow_PhiLow.pdf has been created

Applying ATLAS style settings...


Processing plot_7point_pdf.cxx("theoVariation_171019","EWK","PhiHigh")...
Z_EWK_SRPhiHigh
Info in <TCanvas::Print>: pdf file output/theoVariation_171019/plots/scale_pdf_Z_EWK_SRPhiHigh_PhiHigh.pdf has been created
Z_EWK_CRZPhiHigh
Info in <TCanvas::Print>: pdf file output/theoVariation_171019/plots/scale_pdf_Z_EWK_CRZPhiHigh_PhiHigh.pdf has been created
W_EWK_SRPhiHigh
Info in <TCanvas::Print>: pdf file output/theoVariation_171019/plots/scale_pdf_W_EWK_SRPhiHigh_PhiHigh.pdf has been created
W_EWK_CRWPhiHigh
Info in <TCanvas::Print>: pdf file output/theoVariation_171019/plots/scale_pdf_W_EWK_CRWPhiHigh_PhiHigh.pdf has been created

Applying ATLAS style settings...


Processing plot_7point_pdf.cxx("theoVariation_171019","EWK","Njet")...
Z_EWK_SRNjet
Info in <TCanvas::Print>: pdf file output/theoVariation_171019/plots/scale_pdf_Z_EWK_SRNjet_Njet.pdf has been created
Z_EWK_CRZNjet
Info in <TCanvas::Print>: pdf file output/theoVariation_171019/plots/scale_pdf_Z_EWK_CRZNjet_Njet.pdf has been created
W_EWK_SRNjet
Info in <TCanvas::Print>: pdf file output/theoVariation_171019/plots/scale_pdf_W_EWK_SRNjet_Njet.pdf has been created
W_EWK_CRWNjet
Info in <TCanvas::Print>: pdf file output/theoVariation_171019/plots/scale_pdf_W_EWK_CRWNjet_Njet.pdf has been created

Applying ATLAS style settings...


Processing plot_ckkw_resum_pdf.cxx("theoVariation_171019","strong","PhiLow")...
Z_strong_SRPhiLow
Info in <TCanvas::Print>: pdf file output/theoVariation_171019/plots/ckkw_resum_Z_strong_SRPhiLow_PhiLow.pdf has been created
Z_strong_CRZPhiLow
Info in <TCanvas::Print>: pdf file output/theoVariation_171019/plots/ckkw_resum_Z_strong_CRZPhiLow_PhiLow.pdf has been created
W_strong_SRPhiLow
Info in <TCanvas::Print>: pdf file output/theoVariation_171019/plots/ckkw_resum_W_strong_SRPhiLow_PhiLow.pdf has been created
W_strong_CRWPhiLow
Info in <TCanvas::Print>: pdf file output/theoVariation_171019/plots/ckkw_resum_W_strong_CRWPhiLow_PhiLow.pdf has been created

Applying ATLAS style settings...


Processing plot_ckkw_resum_pdf.cxx("theoVariation_171019","strong","PhiHigh")...
Z_strong_SRPhiHigh
Info in <TCanvas::Print>: pdf file output/theoVariation_171019/plots/ckkw_resum_Z_strong_SRPhiHigh_PhiHigh.pdf has been created
Z_strong_CRZPhiHigh
Info in <TCanvas::Print>: pdf file output/theoVariation_171019/plots/ckkw_resum_Z_strong_CRZPhiHigh_PhiHigh.pdf has been created
W_strong_SRPhiHigh
Info in <TCanvas::Print>: pdf file output/theoVariation_171019/plots/ckkw_resum_W_strong_SRPhiHigh_PhiHigh.pdf has been created
W_strong_CRWPhiHigh
Info in <TCanvas::Print>: pdf file output/theoVariation_171019/plots/ckkw_resum_W_strong_CRWPhiHigh_PhiHigh.pdf has been created

Applying ATLAS style settings...


Processing plot_ckkw_resum_pdf.cxx("theoVariation_171019","strong","Njet")...
Z_strong_SRNjet
Info in <TCanvas::Print>: pdf file output/theoVariation_171019/plots/ckkw_resum_Z_strong_SRNjet_Njet.pdf has been created
Z_strong_CRZNjet
Info in <TCanvas::Print>: pdf file output/theoVariation_171019/plots/ckkw_resum_Z_strong_CRZNjet_Njet.pdf has been created
W_strong_SRNjet
Info in <TCanvas::Print>: pdf file output/theoVariation_171019/plots/ckkw_resum_W_strong_SRNjet_Njet.pdf has been created
W_strong_CRWNjet
Info in <TCanvas::Print>: pdf file output/theoVariation_171019/plots/ckkw_resum_W_strong_CRWNjet_Njet.pdf has been created

Applying ATLAS style settings...


Processing plot_ckkw_resum_pdf.cxx("theoVariation_171019","EWK","PhiLow")...
Z_EWK_SRPhiLow
Info in <TCanvas::Print>: pdf file output/theoVariation_171019/plots/ckkw_resum_Z_EWK_SRPhiLow_PhiLow.pdf has been created
Z_EWK_CRZPhiLow
Info in <TCanvas::Print>: pdf file output/theoVariation_171019/plots/ckkw_resum_Z_EWK_CRZPhiLow_PhiLow.pdf has been created
W_EWK_SRPhiLow
Info in <TCanvas::Print>: pdf file output/theoVariation_171019/plots/ckkw_resum_W_EWK_SRPhiLow_PhiLow.pdf has been created
W_EWK_CRWPhiLow
Info in <TCanvas::Print>: pdf file output/theoVariation_171019/plots/ckkw_resum_W_EWK_CRWPhiLow_PhiLow.pdf has been created

Applying ATLAS style settings...


Processing plot_ckkw_resum_pdf.cxx("theoVariation_171019","EWK","PhiHigh")...
Z_EWK_SRPhiHigh
Info in <TCanvas::Print>: pdf file output/theoVariation_171019/plots/ckkw_resum_Z_EWK_SRPhiHigh_PhiHigh.pdf has been created
Z_EWK_CRZPhiHigh
Info in <TCanvas::Print>: pdf file output/theoVariation_171019/plots/ckkw_resum_Z_EWK_CRZPhiHigh_PhiHigh.pdf has been created
W_EWK_SRPhiHigh
Info in <TCanvas::Print>: pdf file output/theoVariation_171019/plots/ckkw_resum_W_EWK_SRPhiHigh_PhiHigh.pdf has been created
W_EWK_CRWPhiHigh
Info in <TCanvas::Print>: pdf file output/theoVariation_171019/plots/ckkw_resum_W_EWK_CRWPhiHigh_PhiHigh.pdf has been created

Applying ATLAS style settings...


Processing plot_ckkw_resum_pdf.cxx("theoVariation_171019","EWK","Njet")...
Z_EWK_SRNjet
Info in <TCanvas::Print>: pdf file output/theoVariation_171019/plots/ckkw_resum_Z_EWK_SRNjet_Njet.pdf has been created
Z_EWK_CRZNjet
Info in <TCanvas::Print>: pdf file output/theoVariation_171019/plots/ckkw_resum_Z_EWK_CRZNjet_Njet.pdf has been created
W_EWK_SRNjet
Info in <TCanvas::Print>: pdf file output/theoVariation_171019/plots/ckkw_resum_W_EWK_SRNjet_Njet.pdf has been created
W_EWK_CRWNjet
Info in <TCanvas::Print>: pdf file output/theoVariation_171019/plots/ckkw_resum_W_EWK_CRWNjet_Njet.pdf has been created
